[31.08.2014 23:27:36] 	System.IO.IOException: The process cannot access the file 'C:\Users\wax\Desktop\TEST-30.08.2014 - Copy.xlsx' because it is being used by another process.
   at System.IO.__Error.WinIOError(Int32 errorCode, String maybeFullPath)
   at System.IO.FileStream.Init(String path, FileMode mode, FileAccess access, Int32 rights, Boolean useRights, FileShare share, Int32 bufferSize, FileOptions options, SECURITY_ATTRIBUTES secAttrs, String msgPath, Boolean bFromProxy, Boolean useLongPath, Boolean checkHost)
   at System.IO.FileStream..ctor(String path, FileMode mode, FileAccess access, FileShare share, Int32 bufferSize, FileOptions options, String msgPath, Boolean bFromProxy)
   at System.IO.FileStream..ctor(String path, FileMode mode, FileAccess access, FileShare share)
   at System.IO.File.Open(String path, FileMode mode, FileAccess access)
   at docReader.SourceReader.TagsLibrary(String path, String selectedMonth) in c:\Users\wax\Documents\Visual Studio 2013\Projects\docReader2\docReader\SourceReader.cs:line 32
[31.08.2014 23:35:49] 	System.IO.IOException: The process cannot access the file 'C:\Users\wax\Desktop\TEST-30.08.2014 - Copy.xlsx' because it is being used by another process.
   at System.IO.__Error.WinIOError(Int32 errorCode, String maybeFullPath)
   at System.IO.FileStream.Init(String path, FileMode mode, FileAccess access, Int32 rights, Boolean useRights, FileShare share, Int32 bufferSize, FileOptions options, SECURITY_ATTRIBUTES secAttrs, String msgPath, Boolean bFromProxy, Boolean useLongPath, Boolean checkHost)
   at System.IO.FileStream..ctor(String path, FileMode mode, FileAccess access, FileShare share, Int32 bufferSize, FileOptions options, String msgPath, Boolean bFromProxy)
   at System.IO.FileStream..ctor(String path, FileMode mode, FileAccess access, FileShare share)
   at System.IO.File.Open(String path, FileMode mode, FileAccess access)
   at docReader.SourceReader.TagsLibrary(String path, String selectedMonth) in c:\Users\wax\Documents\Visual Studio 2013\Projects\docReader2\docReader\SourceReader.cs:line 32
[31.08.2014 23:40:05] 	System.IO.FileNotFoundException: Could not find file 'C:\Users\wax\Documents\Visual Studio 2013\Projects\docReader2\docReader\bin\Debug\IVAN_BAZE_NEW_1.05.14.xls'.
File name: 'C:\Users\wax\Documents\Visual Studio 2013\Projects\docReader2\docReader\bin\Debug\IVAN_BAZE_NEW_1.05.14.xls'
   at System.IO.__Error.WinIOError(Int32 errorCode, String maybeFullPath)
   at System.IO.FileStream.Init(String path, FileMode mode, FileAccess access, Int32 rights, Boolean useRights, FileShare share, Int32 bufferSize, FileOptions options, SECURITY_ATTRIBUTES secAttrs, String msgPath, Boolean bFromProxy, Boolean useLongPath, Boolean checkHost)
   at System.IO.FileStream..ctor(String path, FileMode mode, FileAccess access, FileShare share, Int32 bufferSize, FileOptions options, String msgPath, Boolean bFromProxy)
   at System.IO.FileStream..ctor(String path, FileMode mode, FileAccess access, FileShare share)
   at System.IO.File.Open(String path, FileMode mode, FileAccess access)
   at docReader.SourceReader.TagsLibrary(String path, String selectedMonth) in c:\Users\wax\Documents\Visual Studio 2013\Projects\docReader2\docReader\SourceReader.cs:line 32
[31.08.2014 23:42:02] 	System.IO.IOException: The process cannot access the file 'C:\Users\wax\Desktop\TEST-30.08.2014 - Copy.xlsx' because it is being used by another process.
   at System.IO.__Error.WinIOError(Int32 errorCode, String maybeFullPath)
   at System.IO.FileStream.Init(String path, FileMode mode, FileAccess access, Int32 rights, Boolean useRights, FileShare share, Int32 bufferSize, FileOptions options, SECURITY_ATTRIBUTES secAttrs, String msgPath, Boolean bFromProxy, Boolean useLongPath, Boolean checkHost)
   at System.IO.FileStream..ctor(String path, FileMode mode, FileAccess access, FileShare share, Int32 bufferSize, FileOptions options, String msgPath, Boolean bFromProxy)
   at System.IO.FileStream..ctor(String path, FileMode mode, FileAccess access, FileShare share)
   at System.IO.File.Open(String path, FileMode mode, FileAccess access)
   at docReader.SourceReader.TagsLibrary(String path, String selectedMonth) in c:\Users\wax\Documents\Visual Studio 2013\Projects\docReader2\docReader\SourceReader.cs:line 32
[31.08.2014 23:56:12] 	System.IO.IOException: The process cannot access the file 'C:\Users\wax\Desktop\TEST-30.08.2014 - Copy.xlsx' because it is being used by another process.
   at System.IO.__Error.WinIOError(Int32 errorCode, String maybeFullPath)
   at System.IO.FileStream.Init(String path, FileMode mode, FileAccess access, Int32 rights, Boolean useRights, FileShare share, Int32 bufferSize, FileOptions options, SECURITY_ATTRIBUTES secAttrs, String msgPath, Boolean bFromProxy, Boolean useLongPath, Boolean checkHost)
   at System.IO.FileStream..ctor(String path, FileMode mode, FileAccess access, FileShare share, Int32 bufferSize, FileOptions options, String msgPath, Boolean bFromProxy)
   at System.IO.FileStream..ctor(String path, FileMode mode, FileAccess access, FileShare share)
   at System.IO.File.Open(String path, FileMode mode, FileAccess access)
   at docReader.SourceReader.TagsLibrary(String path, String selectedMonth) in c:\Users\wax\Documents\Visual Studio 2013\Projects\docReader2\docReader\SourceReader.cs:line 32
